<?xml version="1.0" encoding="UTF-8"?>
<!-- Generated by org.testng.reporters.JUnitXMLReporter -->
<testsuite ignored="0" hostname="LAPTOP-EHEF5703" failures="1" tests="2" name="Default test" time="12.788" errors="0" timestamp="05 May 2019 08:23:17 GMT">
  <testcase classname="WebDriverManager.WebDriverManager.ParllelExecution" name="getChorme" time="2.329">
    <failure type="org.openqa.selenium.SessionNotCreatedException" message="session not created: This version of ChromeDriver only supports Chrome version 75
Build info: version: &amp;apos;3.11.0&amp;apos;, revision: &amp;apos;e59cfb3&amp;apos;, time: &amp;apos;2018-03-11T20:26:55.152Z&amp;apos;
System info: host: &amp;apos;LAPTOP-EHEF5703&amp;apos;, ip: &amp;apos;192.168.0.3&amp;apos;, os.name: &amp;apos;Windows 10&amp;apos;, os.arch: &amp;apos;amd64&amp;apos;, os.version: &amp;apos;10.0&amp;apos;, java.version: &amp;apos;11.0.1&amp;apos;
Driver info: driver.version: ChromeDriver
remote stacktrace: Backtrace:
	Ordinal0 [0x00287DF3+1474035]
	Ordinal0 [0x002007D1+919505]
	Ordinal0 [0x0019CB43+510787]
	Ordinal0 [0x00131B0F+72463]
	Ordinal0 [0x0012E3F3+58355]
	Ordinal0 [0x00150CE4+199908]
	Ordinal0 [0x0015069D+198301]
	Ordinal0 [0x0014EECB+192203]
	Ordinal0 [0x00135FF6+90102]
	Ordinal0 [0x0013765A+95834]
	Ordinal0 [0x00137554+95572]
	GetHandleVerifier [0x003E231C+1249612]
	GetHandleVerifier [0x00331575+525221]
	GetHandleVerifier [0x00331310+524608]
	Ordinal0 [0x00295D28+1531176]
	GetHandleVerifier [0x00331D4A+527226]
	Ordinal0 [0x002175F6+1013238]
	Ordinal0 [0x0021746F+1012847]
	Ordinal0 [0x0022365B+1062491]
	Ordinal0 [0x0022379F+1062815]
	Ordinal0 [0x00222745+1058629]
	BaseThreadInitThunk [0x76B48494+36]
	RtlAreBitsSet [0x779541C8+136]
	RtlAreBitsSet [0x77954198+88]
">
      <![CDATA[org.openqa.selenium.SessionNotCreatedException: session not created: This version of ChromeDriver only supports Chrome version 75
Build info: version: '3.11.0', revision: 'e59cfb3', time: '2018-03-11T20:26:55.152Z'
System info: host: 'LAPTOP-EHEF5703', ip: '192.168.0.3', os.name: 'Windows 10', os.arch: 'amd64', os.version: '10.0', java.version: '11.0.1'
Driver info: driver.version: ChromeDriver
remote stacktrace: Backtrace:
	Ordinal0 [0x00287DF3+1474035]
	Ordinal0 [0x002007D1+919505]
	Ordinal0 [0x0019CB43+510787]
	Ordinal0 [0x00131B0F+72463]
	Ordinal0 [0x0012E3F3+58355]
	Ordinal0 [0x00150CE4+199908]
	Ordinal0 [0x0015069D+198301]
	Ordinal0 [0x0014EECB+192203]
	Ordinal0 [0x00135FF6+90102]
	Ordinal0 [0x0013765A+95834]
	Ordinal0 [0x00137554+95572]
	GetHandleVerifier [0x003E231C+1249612]
	GetHandleVerifier [0x00331575+525221]
	GetHandleVerifier [0x00331310+524608]
	Ordinal0 [0x00295D28+1531176]
	GetHandleVerifier [0x00331D4A+527226]
	Ordinal0 [0x002175F6+1013238]
	Ordinal0 [0x0021746F+1012847]
	Ordinal0 [0x0022365B+1062491]
	Ordinal0 [0x0022379F+1062815]
	Ordinal0 [0x00222745+1058629]
	BaseThreadInitThunk [0x76B48494+36]
	RtlAreBitsSet [0x779541C8+136]
	RtlAreBitsSet [0x77954198+88]

	at java.base/jdk.internal.reflect.NativeConstructorAccessorImpl.newInstance0(Native Method)
	at java.base/jdk.internal.reflect.NativeConstructorAccessorImpl.newInstance(NativeConstructorAccessorImpl.java:62)
	at java.base/jdk.internal.reflect.DelegatingConstructorAccessorImpl.newInstance(DelegatingConstructorAccessorImpl.java:45)
	at java.base/java.lang.reflect.Constructor.newInstance(Constructor.java:490)
	at org.openqa.selenium.remote.W3CHandshakeResponse.lambda$new$0(W3CHandshakeResponse.java:57)
	at org.openqa.selenium.remote.W3CHandshakeResponse.lambda$getResponseFunction$2(W3CHandshakeResponse.java:104)
	at org.openqa.selenium.remote.ProtocolHandshake.lambda$createSession$0(ProtocolHandshake.java:123)
	at java.base/java.util.stream.ReferencePipeline$3$1.accept(ReferencePipeline.java:195)
	at java.base/java.util.Spliterators$ArraySpliterator.tryAdvance(Spliterators.java:958)
	at java.base/java.util.stream.ReferencePipeline.forEachWithCancel(ReferencePipeline.java:127)
	at java.base/java.util.stream.AbstractPipeline.copyIntoWithCancel(AbstractPipeline.java:502)
	at java.base/java.util.stream.AbstractPipeline.copyInto(AbstractPipeline.java:488)
	at java.base/java.util.stream.AbstractPipeline.wrapAndCopyInto(AbstractPipeline.java:474)
	at java.base/java.util.stream.FindOps$FindOp.evaluateSequential(FindOps.java:150)
	at java.base/java.util.stream.AbstractPipeline.evaluate(AbstractPipeline.java:234)
	at java.base/java.util.stream.ReferencePipeline.findFirst(ReferencePipeline.java:543)
	at org.openqa.selenium.remote.ProtocolHandshake.createSession(ProtocolHandshake.java:126)
	at org.openqa.selenium.remote.ProtocolHandshake.createSession(ProtocolHandshake.java:73)
	at org.openqa.selenium.remote.HttpCommandExecutor.execute(HttpCommandExecutor.java:136)
	at org.openqa.selenium.remote.service.DriverCommandExecutor.execute(DriverCommandExecutor.java:83)
	at org.openqa.selenium.remote.RemoteWebDriver.execute(RemoteWebDriver.java:545)
	at org.openqa.selenium.remote.RemoteWebDriver.startSession(RemoteWebDriver.java:209)
	at org.openqa.selenium.remote.RemoteWebDriver.<init>(RemoteWebDriver.java:132)
	at org.openqa.selenium.chrome.ChromeDriver.<init>(ChromeDriver.java:181)
	at org.openqa.selenium.chrome.ChromeDriver.<init>(ChromeDriver.java:168)
	at org.openqa.selenium.chrome.ChromeDriver.<init>(ChromeDriver.java:123)
	at WebDriverManager.WebDriverManager.ParllelExecution.getChorme(ParllelExecution.java:25)
	at java.base/jdk.internal.reflect.NativeMethodAccessorImpl.invoke0(Native Method)
	at java.base/jdk.internal.reflect.NativeMethodAccessorImpl.invoke(NativeMethodAccessorImpl.java:62)
	at java.base/jdk.internal.reflect.DelegatingMethodAccessorImpl.invoke(DelegatingMethodAccessorImpl.java:43)
	at java.base/java.lang.reflect.Method.invoke(Method.java:566)
	at org.testng.internal.MethodInvocationHelper.invokeMethod(MethodInvocationHelper.java:104)
	at org.testng.internal.Invoker.invokeMethod(Invoker.java:645)
	at org.testng.internal.Invoker.invokeTestMethod(Invoker.java:851)
	at org.testng.internal.Invoker.invokeTestMethods(Invoker.java:1177)
	at org.testng.internal.TestMethodWorker.invokeTestMethods(TestMethodWorker.java:129)
	at org.testng.internal.TestMethodWorker.run(TestMethodWorker.java:112)
	at org.testng.TestRunner.privateRun(TestRunner.java:756)
	at org.testng.TestRunner.run(TestRunner.java:610)
	at org.testng.SuiteRunner.runTest(SuiteRunner.java:387)
	at org.testng.SuiteRunner.runSequentially(SuiteRunner.java:382)
	at org.testng.SuiteRunner.privateRun(SuiteRunner.java:340)
	at org.testng.SuiteRunner.run(SuiteRunner.java:289)
	at org.testng.SuiteRunnerWorker.runSuite(SuiteRunnerWorker.java:52)
	at org.testng.SuiteRunnerWorker.run(SuiteRunnerWorker.java:86)
	at org.testng.TestNG.runSuitesSequentially(TestNG.java:1293)
	at org.testng.TestNG.runSuitesLocally(TestNG.java:1218)
	at org.testng.TestNG.runSuites(TestNG.java:1133)
	at org.testng.TestNG.run(TestNG.java:1104)
	at org.testng.remote.AbstractRemoteTestNG.run(AbstractRemoteTestNG.java:114)
	at org.testng.remote.RemoteTestNG.initAndRun(RemoteTestNG.java:251)
	at org.testng.remote.RemoteTestNG.main(RemoteTestNG.java:77)
]]>
    </failure>
  </testcase> <!-- getChorme -->
  <testcase classname="WebDriverManager.WebDriverManager.ParllelExecution" name="getFirefox" time="10.428"/>
</testsuite> <!-- Default test -->
