<?xml version="1.0" encoding="UTF-8"?>
<!-- Generated by org.testng.reporters.JUnitReportReporter -->
<testsuite ignored="0" hostname="LAPTOP-EHEF5703" failures="0" tests="2" name="WebDriverManager.WebDriverManager.ParllelExecution" time="43.176" errors="1" timestamp="07 Jul 2019 07:37:21 GMT" skipped="0">
  <testcase classname="WebDriverManager.WebDriverManager.ParllelExecution" name="getFirefox" time="40.490"/>
  <testcase classname="WebDriverManager.WebDriverManager.ParllelExecution" name="getChorme" time="2.686">
    <error message="session not created: This version of ChromeDriver only supports Chrome version 76
Build info: version: &#039;3.11.0&#039;, revision: &#039;e59cfb3&#039;, time: &#039;2018-03-11T20:26:55.152Z&#039;
System info: host: &#039;LAPTOP-EHEF5703&#039;, ip: &#039;192.168.0.3&#039;, os.name: &#039;Windows 10&#039;, os.arch: &#039;amd64&#039;, os.version: &#039;10.0&#039;, java.version: &#039;11.0.1&#039;
Driver info: driver.version: ChromeDriver
remote stacktrace: Backtrace:
	Ordinal0 [0x00DA7B13+1473299]
	Ordinal0 [0x00D2AC61+961633]
	Ordinal0 [0x00CB41A3+475555]
	Ordinal0 [0x00C4F365+62309]
	Ordinal0 [0x00C4BC77+48247]
	Ordinal0 [0x00C68FD9+167897]
	Ordinal0 [0x00C68BAD+166829]
	Ordinal0 [0x00C672BB+160443]
	Ordinal0 [0x00C50AE6+68326]
	Ordinal0 [0x00C51A80+72320]
	Ordinal0 [0x00C51A19+72217]
	Ordinal0 [0x00D44A27+1067559]
	GetHandleVerifier [0x00E466F5+506677]
	GetHandleVerifier [0x00E46490+506064]
	GetHandleVerifier [0x00E4D038+533624]
	GetHandleVerifier [0x00E46ECA+508682]
	Ordinal0 [0x00D3C116+1032470]
	Ordinal0 [0x00D3BF8F+1032079]
	Ordinal0 [0x00D4693B+1075515]
	Ordinal0 [0x00D46AA3+1075875]
	Ordinal0 [0x00D45A55+1071701]
	BaseThreadInitThunk [0x764F8494+36]
	RtlAreBitsSet [0x774341C8+136]
	RtlAreBitsSet [0x77434198+88]
" type="org.openqa.selenium.SessionNotCreatedException">
      <![CDATA[org.openqa.selenium.SessionNotCreatedException: session not created: This version of ChromeDriver only supports Chrome version 76
Build info: version: '3.11.0', revision: 'e59cfb3', time: '2018-03-11T20:26:55.152Z'
System info: host: 'LAPTOP-EHEF5703', ip: '192.168.0.3', os.name: 'Windows 10', os.arch: 'amd64', os.version: '10.0', java.version: '11.0.1'
Driver info: driver.version: ChromeDriver
remote stacktrace: Backtrace:
	Ordinal0 [0x00DA7B13+1473299]
	Ordinal0 [0x00D2AC61+961633]
	Ordinal0 [0x00CB41A3+475555]
	Ordinal0 [0x00C4F365+62309]
	Ordinal0 [0x00C4BC77+48247]
	Ordinal0 [0x00C68FD9+167897]
	Ordinal0 [0x00C68BAD+166829]
	Ordinal0 [0x00C672BB+160443]
	Ordinal0 [0x00C50AE6+68326]
	Ordinal0 [0x00C51A80+72320]
	Ordinal0 [0x00C51A19+72217]
	Ordinal0 [0x00D44A27+1067559]
	GetHandleVerifier [0x00E466F5+506677]
	GetHandleVerifier [0x00E46490+506064]
	GetHandleVerifier [0x00E4D038+533624]
	GetHandleVerifier [0x00E46ECA+508682]
	Ordinal0 [0x00D3C116+1032470]
	Ordinal0 [0x00D3BF8F+1032079]
	Ordinal0 [0x00D4693B+1075515]
	Ordinal0 [0x00D46AA3+1075875]
	Ordinal0 [0x00D45A55+1071701]
	BaseThreadInitThunk [0x764F8494+36]
	RtlAreBitsSet [0x774341C8+136]
	RtlAreBitsSet [0x77434198+88]

	at java.base/jdk.internal.reflect.NativeConstructorAccessorImpl.newInstance0(Native Method)
	at java.base/jdk.internal.reflect.NativeConstructorAccessorImpl.newInstance(NativeConstructorAccessorImpl.java:62)
	at java.base/jdk.internal.reflect.DelegatingConstructorAccessorImpl.newInstance(DelegatingConstructorAccessorImpl.java:45)
	at java.base/java.lang.reflect.Constructor.newInstance(Constructor.java:490)
	at org.openqa.selenium.remote.W3CHandshakeResponse.lambda$new$0(W3CHandshakeResponse.java:57)
	at org.openqa.selenium.remote.W3CHandshakeResponse.lambda$getResponseFunction$2(W3CHandshakeResponse.java:104)
	at org.openqa.selenium.remote.ProtocolHandshake.lambda$createSession$0(ProtocolHandshake.java:123)
	at java.base/java.util.stream.ReferencePipeline$3$1.accept(ReferencePipeline.java:195)
	at java.base/java.util.Spliterators$ArraySpliterator.tryAdvance(Spliterators.java:958)
	at java.base/java.util.stream.ReferencePipeline.forEachWithCancel(ReferencePipeline.java:127)
	at java.base/java.util.stream.AbstractPipeline.copyIntoWithCancel(AbstractPipeline.java:502)
	at java.base/java.util.stream.AbstractPipeline.copyInto(AbstractPipeline.java:488)
	at java.base/java.util.stream.AbstractPipeline.wrapAndCopyInto(AbstractPipeline.java:474)
	at java.base/java.util.stream.FindOps$FindOp.evaluateSequential(FindOps.java:150)
	at java.base/java.util.stream.AbstractPipeline.evaluate(AbstractPipeline.java:234)
	at java.base/java.util.stream.ReferencePipeline.findFirst(ReferencePipeline.java:543)
	at org.openqa.selenium.remote.ProtocolHandshake.createSession(ProtocolHandshake.java:126)
	at org.openqa.selenium.remote.ProtocolHandshake.createSession(ProtocolHandshake.java:73)
	at org.openqa.selenium.remote.HttpCommandExecutor.execute(HttpCommandExecutor.java:136)
	at org.openqa.selenium.remote.service.DriverCommandExecutor.execute(DriverCommandExecutor.java:83)
	at org.openqa.selenium.remote.RemoteWebDriver.execute(RemoteWebDriver.java:545)
	at org.openqa.selenium.remote.RemoteWebDriver.startSession(RemoteWebDriver.java:209)
	at org.openqa.selenium.remote.RemoteWebDriver.<init>(RemoteWebDriver.java:132)
	at org.openqa.selenium.chrome.ChromeDriver.<init>(ChromeDriver.java:181)
	at org.openqa.selenium.chrome.ChromeDriver.<init>(ChromeDriver.java:168)
	at org.openqa.selenium.chrome.ChromeDriver.<init>(ChromeDriver.java:123)
	at WebDriverManager.WebDriverManager.ParllelExecution.getChorme(ParllelExecution.java:25)
	at java.base/jdk.internal.reflect.NativeMethodAccessorImpl.invoke0(Native Method)
	at java.base/jdk.internal.reflect.NativeMethodAccessorImpl.invoke(NativeMethodAccessorImpl.java:62)
	at java.base/jdk.internal.reflect.DelegatingMethodAccessorImpl.invoke(DelegatingMethodAccessorImpl.java:43)
	at java.base/java.lang.reflect.Method.invoke(Method.java:566)
	at org.testng.internal.MethodInvocationHelper.invokeMethod(MethodInvocationHelper.java:104)
	at org.testng.internal.Invoker.invokeMethod(Invoker.java:645)
	at org.testng.internal.Invoker.invokeTestMethod(Invoker.java:851)
	at org.testng.internal.Invoker.invokeTestMethods(Invoker.java:1177)
	at org.testng.internal.TestMethodWorker.invokeTestMethods(TestMethodWorker.java:129)
	at org.testng.internal.TestMethodWorker.run(TestMethodWorker.java:112)
	at java.base/java.util.concurrent.ThreadPoolExecutor.runWorker(ThreadPoolExecutor.java:1128)
	at java.base/java.util.concurrent.ThreadPoolExecutor$Worker.run(ThreadPoolExecutor.java:628)
	at java.base/java.lang.Thread.run(Thread.java:834)
]]>
    </error>
  </testcase> <!-- getChorme -->
</testsuite> <!-- WebDriverManager.WebDriverManager.ParllelExecution -->
